
> mobile-ux-dashboard@0.1.0 dev
> next dev

   ▲ Next.js 15.3.8
   - Local:        http://localhost:3000
   - Network:      http://192.168.8.136:3000
   - Environments: .env
   - Experiments (use with caution):
     ✓ typedRoutes

 ✓ Starting...
 ✓ Ready in 4.1s
 ○ Compiling /signin ...
 ✓ Compiled /signin in 6.3s (769 modules)
 GET /signin 200 in 6997ms
 GET /signup 200 in 7093ms
 ○ Compiling /api/auth/signup ...
 ✓ Compiled /api/auth/signup in 543ms (795 modules)
 POST /api/auth/signup 201 in 1353ms
 ✓ Compiled /dashboard in 365ms (803 modules)
 GET /dashboard 200 in 740ms
 ✓ Compiled in 32ms
 ✓ Compiled /signup in 349ms (435 modules)
 GET /signup 200 in 623ms
 ✓ Compiled /api/auth/signup in 181ms (460 modules)
 POST /api/auth/signup 201 in 814ms
 ✓ Compiled /settings in 389ms (804 modules)
 GET /settings 200 in 636ms
 ✓ Compiled /api/workspace/settings in 329ms (806 modules)
 PUT /api/workspace/settings 200 in 380ms
 ✓ Compiled /dashboard in 190ms (477 modules)
 GET /dashboard 200 in 534ms
 POST /api/auth/signup 201 in 761ms
 PUT /api/workspace/settings 200 in 83ms
 GET /settings 200 in 243ms
 GET /dashboard 200 in 236ms
