
> mobile-ux-dashboard@0.1.0 dev
> next dev

   ▲ Next.js 15.3.8
   - Local:        http://localhost:3000
   - Network:      http://192.168.8.136:3000
   - Environments: .env
   - Experiments (use with caution):
     ✓ typedRoutes

 ✓ Starting...
 ✓ Ready in 5s
 ○ Compiling /signin ...
 ✓ Compiled /signin in 2s (761 modules)
 GET /signin 200 in 3039ms
 ○ Compiling /api/auth/signup ...
 ✓ Compiled /api/auth/signup in 633ms (787 modules)
 POST /api/auth/signup 201 in 1436ms
 ✓ Compiled /api/screenshots in 453ms (789 modules)
 GET /api/screenshots?latest=true 200 in 550ms
 ✓ Compiled /heatmap in 485ms (802 modules)
 GET /heatmap 200 in 759ms
